<?xml version="1.0" encoding="UTF-8"?>
<!-- Generated by org.testng.reporters.JUnitReportReporter -->
<testsuite hostname="Priya-Laptop" failures="0" tests="2" name="testCases.LoginTest" time="16.487" errors="0" timestamp="2021-10-17T12:18:55 EDT" skipped="0">
  <testcase classname="testCases.LoginTest" name="login" time="7.382"/>
  <system-out/>
  <testcase classname="testCases.LoginTest" name="login" time="9.105"/>
  <system-out/>
</testsuite> <!-- testCases.LoginTest -->
