<?xml version="1.0" encoding="UTF-8"?>
<!-- Generated by org.testng.reporters.JUnitReportReporter -->
<testsuite hostname="Priya-Laptop" failures="0" tests="1" name="testCases.TestTwo" time="14.486" errors="0" timestamp="2021-10-17T12:18:55 EDT" skipped="0">
  <testcase classname="testCases.TestTwo" name="Twotest" time="14.486"/>
  <system-out/>
</testsuite> <!-- testCases.TestTwo -->
